        -1.84907        0.387029       -0.587547
         1.59874       -0.202504       -0.212968
        -0.18779         1.02634        0.263614
       -0.706395       -0.243671        0.871365
       -0.833931       -0.085143       -0.380496
         1.56088        0.464869        0.736685
       -0.391242       -0.768571        0.961902
        0.794763       -0.501582       -0.668965
       -0.305695        0.528747        0.489581
         1.03589       -0.411288       0.0430702
         2.04539        0.222148       0.0713313
       -0.135242        0.808596        -0.88896
       -0.711235       -0.896909        0.167883
       -0.632826       -0.566936       -0.900181
         1.64475       -0.484912         1.52515
        0.073351        0.736248      -0.0903922
        -1.57575       -0.530199       -0.558893
        -1.00484       -0.475319       -0.567265
       -0.375012       -0.421086         1.02128
         1.01871        -1.43016       -0.313387
       -0.319468        0.384822         0.64859
       -0.592167       -0.288126        -1.74814
      -0.0952628       0.0799181         1.53845
       0.0773117        -1.49617       -0.710904
        0.758231       -0.120612         1.56356
        0.158512       -0.132988         1.05168
        0.123163       -0.649316       -0.765579
         0.90438        0.110374       -0.198117
       -0.781408       -0.467444       -0.822765
       -0.456261       0.0415623       -0.193855
        0.174618        0.229972       -0.184827
        0.491205        0.753433         1.50535
       -0.194667       -0.177528       -0.419811
        -1.66472       -0.885042        -1.41406
        -0.66131        -1.49247       -0.557588
      -0.0384993       -0.242396        -0.71954
       -0.506024          0.2257       -0.590145
         0.51849         0.87382        0.336568
       -0.121629        -0.49896       -0.247773
        0.823422        0.706766         -1.8701
         1.05429        0.422106       -0.179562
         1.02777       -0.875177       -0.532366
        0.887489       -0.926506         0.22354
        0.372084         1.02054       -0.509181
        0.174208        0.599762        0.212517
       -0.764394       -0.145138         1.27847
       -0.361048         -1.0301        0.253578
       -0.776902        0.619809        0.410189
         1.37472        0.191287         0.52279
          1.2955       -0.193834        0.511553
       -0.105731       -0.079827        0.943727
         1.01848        0.782573        -0.23319
        -1.09479        0.635007        0.227888
       -0.880238          1.2769        0.728874
        0.805236     -0.00819757          1.1072
       -0.160155       -0.328194        0.329019
       -0.863411        0.875319         1.23956
        0.794572       -0.362579        -0.70012
        0.748032       -0.438334       -0.206028
        0.656569         1.26266        0.450371
        0.837962       -0.919462      -0.0432078
        -1.02128         1.48579       -0.806096
       -0.374454       0.0352564         0.25646
       -0.427393       -0.225588        0.348104
       -0.393723        0.885487        -1.42093
       -0.373359       -0.343684         -0.9735
       -0.253387        0.132045        0.367407
        -1.63555        0.973073         0.72328
        -1.13812       -0.359265       -0.100995
        0.800708        0.918986        -1.40471
       -0.851345       -0.206206       -0.340981
       -0.763922      -0.0791862         0.25655
       -0.426561         1.56089        -1.54405
         0.80988        0.116762        0.622284
       -0.265543      -0.0278746       -0.119664
         0.83339         0.27299       -0.411251
       -0.157115        0.239262        -1.65369
       -0.107947       0.0827653       -0.189128
       -0.682218        -1.01097         1.00582
        0.888425        0.856147        -0.78685
       -0.521496       -0.431274       -0.784849
        -1.19713         1.04917        0.381466
        -0.46727        0.292183         2.06731
          0.3481       -0.811316       0.0912379
        0.089377        0.178541        0.598412
       -0.706325       -0.420368        0.535831
       -0.574124       -0.331342      -0.0357953
        0.304354       -0.956513       -0.257183
       -0.689055       -0.308984       -0.171084
        0.536533        -1.35256        -0.65176
        0.433835        -1.14584        0.402141
       -0.152987        0.732838        0.818712
        0.288385        0.855266        0.359501
        0.121053        0.872253       -0.635731
       -0.582717        0.768258     -0.00217464
      -0.0101078        0.476212        -0.24937
        0.477969       -0.155781        -0.69996
         0.39204        0.060805       -0.108378
        0.678271        0.574666         1.22183
       -0.512901       0.0681575       0.0267649
        0.499237       -0.293611         1.68382
       -0.150417        -0.74082       -0.478852
         1.07309        -0.51032        -1.35332
        0.314073       -0.810642       -0.247129
       -0.171448        0.374528       -0.121473
       -0.580702         1.58861       -0.896754
        0.267822       -0.314666        0.615664
         0.33043        -1.10377         0.84364
