        0.013223      -0.0531078       -0.516299
        0.126783         1.09086       -0.978001
          1.1433       -0.304324       -0.148585
       -0.910045       -0.670416          1.1043
       0.0841547       -0.858468        0.547966
         1.03142       -0.600472       -0.411625
        -1.95607        -1.33139         1.38353
       -0.758001       -0.182026        0.267616
        0.110908        -1.63711        0.646225
         1.67546        0.669295        -1.10968
        0.478363        0.978535        0.402952
       -0.675005        0.330136      -0.0288282
       0.0293855       -0.773215        0.350374
        0.610925       -0.829002        -1.07871
       -0.402883        0.556039       -0.747847
         1.64673       -0.337809       -0.298545
       -0.474357       -0.610496       -0.561517
        0.162682          -1.578       -0.298161
        0.759884       -0.185937          0.2277
       -0.245109       -0.248203       -0.733223
       -0.146917        0.682037       0.0891373
       -0.488824        -1.48782       0.0632882
         1.22756        0.451498        0.137898
        -1.38077       -0.855714       -0.441987
          1.8934         0.11001        0.719678
         -2.0743        0.310749        0.816066
         2.27539      -0.0541405      -0.0254211
       -0.201551       -0.164177       0.0715767
        -1.16501       -0.549998        0.634488
       -0.274134         2.08257       -0.522776
        0.174563        0.111429          -1.652
        0.788069       -0.943975         0.70037
        0.106603       -0.821913        0.770202
       -0.347857         0.38656        0.572092
         0.37837       -0.576867       0.0637247
        0.255679         1.34174       -0.574339
       -0.911238      -0.0066057         0.39603
        0.635622         1.28455        0.365872
       -0.739065        0.453303        0.244883
       -0.751082        0.235676        0.218508
       -0.240458        -1.34139        -1.13895
        0.311313        -0.82255       -0.819021
       -0.373486        0.387653      0.00337925
        0.159048        0.825726        0.125897
       -0.419248       -0.155089      -0.0729239
       -0.276633        -1.00512      -0.0680776
       -0.204268       -0.270311       -0.836976
       -0.345053        0.871611       0.0956159
        0.615365       -0.401018        0.427431
      -0.0693085        0.938411       -0.155659
        -1.62672        0.599383         0.63538
       -0.836562        0.120258      -0.0114649
        0.658705        -0.23383        0.504363
        0.632778        0.825702           1.337
       -0.347619         -1.4054       -0.146843
         1.48722        0.270473       -0.716161
        0.644417       -0.449986         1.08184
       -0.851763       -0.631791       -0.530615
        -0.22042       -0.464512        0.238956
        -0.37032        0.318371       -0.300369
       -0.818571         1.37901         -1.4012
       -0.456646        0.707878       0.0227284
        0.374642        0.223455        0.117717
       -0.320865        0.800279        0.167028
        0.332361        -0.81438       -0.470659
       -0.905898       -0.816251       -0.217374
       -0.168385       -0.966942       -0.496046
        0.299706        0.672585       -0.559617
       -0.349244        0.607163       -0.297481
       -0.247488       -0.632578        0.344816
       -0.833408       -0.211349        0.628255
       -0.436336         1.15128        0.284801
        0.557358       -0.281392        0.628114
        -1.13433         1.89703        -0.48976
         1.86583        -1.09009        0.265615
         1.30704       -0.220028         1.36179
       -0.331399        0.733534         1.14064
        0.214252        0.547071         0.29936
        -1.23464         0.51312       -0.422137
         1.32671       0.0126462          1.2538
        0.217901       -0.715013        0.778257
       -0.329917        0.951562         0.10761
        0.321533       -0.415277       -0.697056
        0.641524       0.0176768       -0.418768
        0.809087       -0.158884        0.747217
        0.384684       -0.478235        0.180474
        0.140109         1.47479        0.100291
       -0.341282       -0.153819       -0.772424
       -0.515569         1.34868       -0.998048
        -1.16106        -1.23918       -0.159342
        0.611574       -0.414592        0.395613
        -1.00792      -0.0454017       -0.703013
       -0.195053        0.835073       -0.143054
       -0.421162       -0.882173        0.467641
         1.22125        0.942926       0.0118193
        0.475201        0.549673     -0.00239139
       -0.488372        0.461744       0.0967446
        0.564446       0.0349488       -0.134097
         1.01565          0.7186       -0.650567
       -0.803876     -0.00189838        0.432784
        0.219717        0.226443        -1.31538
       -0.801126        0.814828         0.44934
        0.665289        0.345457       -0.473538
        -0.11749       -0.256814        0.239857
        0.345423       -0.730402       0.0261914
         -0.9276       -0.180307       -0.822592
       -0.197595       0.0073309        0.566219
        0.600687       -0.660169        0.210099
